[07:46:51] [main/INFO]: Logging in with username & password
[07:46:56] [main/INFO]: Setting user: miner3389
[07:46:57] [Client thread/INFO]: LWJGL Version: 2.9.1
[07:47:02] [Client thread/INFO]: Reloading ResourceManager: Default, FMLFileResourcePack:Forge Mod Loader, FMLFileResourcePack:Minecraft Forge, FMLFileResourcePack:NerdSpeaq
[07:47:03] [Sound Library Loader/INFO]: Sound engine started
[07:47:04] [Client thread/INFO]: Created: 512x256 textures/blocks-atlas
[07:47:04] [Client thread/INFO]: Created: 256x256 textures/items-atlas
[07:47:04] [Client thread/INFO]: Reloading ResourceManager: Default, FMLFileResourcePack:Forge Mod Loader, FMLFileResourcePack:Minecraft Forge, FMLFileResourcePack:NerdSpeaq
[07:47:04] [Client thread/INFO]: Created: 256x256 textures/items-atlas
[07:47:05] [Client thread/INFO]: Created: 512x256 textures/blocks-atlas
[07:47:05] [Sound Library Loader/INFO]: Sound engine started
[07:47:13] [Server thread/INFO]: Starting integrated minecraft server version 1.7.10
[07:47:13] [Server thread/INFO]: Generating keypair
[07:47:14] [Server thread/INFO]: Preparing start region for level 0
[07:47:15] [Server thread/INFO]: Changing view distance to 12, from 10
[07:47:15] [Server thread/INFO]: miner3389[local:E:93f0302c] logged in with entity id 229 at (-402.29599224518444, 20.260575021347442, 295.51001605838866)
[07:47:15] [Server thread/INFO]: miner3389 joined the game
[07:47:34] [Server thread/INFO]: Saving and pausing game...
[07:47:34] [Server thread/INFO]: Saving chunks for level 'New World'/Overworld
[07:47:34] [Server thread/INFO]: Saving chunks for level 'New World'/Nether
[07:47:34] [Server thread/INFO]: Saving chunks for level 'New World'/The End
[07:47:35] [Server thread/INFO]: Stopping server
[07:47:35] [Server thread/INFO]: Saving players
[07:47:35] [Server thread/INFO]: Saving worlds
[07:47:35] [Server thread/INFO]: Saving chunks for level 'New World'/Overworld
[07:47:35] [Server thread/INFO]: Saving chunks for level 'New World'/Nether
[07:47:35] [Server thread/INFO]: Saving chunks for level 'New World'/The End
[07:47:36] [Client thread/INFO]: Stopping!
